{"/home/saurab/Music/bootcamp_47_greencommute/GREEN_COMMUTE/src/components/atoms/Button/index.tsx": {"path":"/home/saurab/Music/bootcamp_47_greencommute/GREEN_COMMUTE/src/components/atoms/Button/index.tsx","statementMap":{"0":{"start":{"line":14,"column":23},"end":{"line":29,"column":1}},"1":{"start":{"line":16,"column":4},"end":{"line":16,"column":9}},"2":{"start":{"line":17,"column":2},"end":{"line":28,"column":3}}},"fnMap":{"0":{"name":"(anonymous_0)","decl":{"start":{"line":14,"column":23},"end":{"line":14,"column":24}},"loc":{"start":{"line":14,"column":39},"end":{"line":29,"column":1}},"line":14}},"branchMap":{},"s":{"0":1,"1":2,"2":2},"f":{"0":2},"b":{},"_coverageSchema":"1a1c01bbd47fc00a2c39e90264f33305004495a9","hash":"9ad136babf8249501ebaa16cbdf7031167898ef6"}
,"/home/saurab/Music/bootcamp_47_greencommute/GREEN_COMMUTE/src/components/atoms/illustration/index.tsx": {"path":"/home/saurab/Music/bootcamp_47_greencommute/GREEN_COMMUTE/src/components/atoms/illustration/index.tsx","statementMap":{"0":{"start":{"line":12,"column":21},"end":{"line":17,"column":1}},"1":{"start":{"line":13,"column":37},"end":{"line":13,"column":42}},"2":{"start":{"line":14,"column":2},"end":{"line":16,"column":4}}},"fnMap":{"0":{"name":"(anonymous_0)","decl":{"start":{"line":12,"column":21},"end":{"line":12,"column":22}},"loc":{"start":{"line":12,"column":36},"end":{"line":17,"column":1}},"line":12}},"branchMap":{},"s":{"0":1,"1":1,"2":1},"f":{"0":1},"b":{},"_coverageSchema":"1a1c01bbd47fc00a2c39e90264f33305004495a9","hash":"1760439939f2cfad78fce030fda12d199a2f116b"}
}
