{"/home/saurab/Music/bootcamp_47_greencommute/GREEN_COMMUTE/src/components/atoms/Icon/index.tsx": {"path":"/home/saurab/Music/bootcamp_47_greencommute/GREEN_COMMUTE/src/components/atoms/Icon/index.tsx","statementMap":{"0":{"start":{"line":8,"column":2},"end":{"line":10,"column":4}}},"fnMap":{"0":{"name":"Icon","decl":{"start":{"line":7,"column":9},"end":{"line":7,"column":13}},"loc":{"start":{"line":7,"column":27},"end":{"line":11,"column":1}},"line":7}},"branchMap":{},"s":{"0":8},"f":{"0":8},"b":{},"_coverageSchema":"1a1c01bbd47fc00a2c39e90264f33305004495a9","hash":"8fa7db14b86f182a62a9e6d86b2ad0ace24f3279"}
,"/home/saurab/Music/bootcamp_47_greencommute/GREEN_COMMUTE/src/components/molecules/menuButton/index.tsx": {"path":"/home/saurab/Music/bootcamp_47_greencommute/GREEN_COMMUTE/src/components/molecules/menuButton/index.tsx","statementMap":{"0":{"start":{"line":17,"column":17},"end":{"line":36,"column":2}},"1":{"start":{"line":38,"column":26},"end":{"line":57,"column":1}},"2":{"start":{"line":39,"column":53},"end":{"line":39,"column":58}},"3":{"start":{"line":40,"column":18},"end":{"line":40,"column":28}},"4":{"start":{"line":41,"column":4},"end":{"line":56,"column":3}}},"fnMap":{"0":{"name":"(anonymous_0)","decl":{"start":{"line":38,"column":26},"end":{"line":38,"column":27}},"loc":{"start":{"line":38,"column":53},"end":{"line":57,"column":1}},"line":38}},"branchMap":{},"s":{"0":1,"1":1,"2":2,"3":2,"4":2},"f":{"0":2},"b":{},"_coverageSchema":"1a1c01bbd47fc00a2c39e90264f33305004495a9","hash":"48c618fecce30103a0287c20eabf921d9560142b"}
}
