TN:
SF:src/assets/data/sideMenuData.tsx
FNF:0
FNH:0
DA:11,1
LF:1
LH:1
BRF:0
BRH:0
end_of_record
TN:
SF:src/components/atoms/Icon/index.tsx
FN:7,Icon
FNF:1
FNH:1
FNDA:16,Icon
DA:8,16
LF:1
LH:1
BRF:0
BRH:0
end_of_record
TN:
SF:src/components/molecules/menuButton/index.tsx
FN:34,(anonymous_0)
FNF:1
FNH:1
FNDA:10,(anonymous_0)
DA:14,2
DA:34,2
DA:35,10
DA:36,10
DA:37,10
LF:5
LH:5
BRF:0
BRH:0
end_of_record
TN:
SF:src/components/organisms/sideMenu/index.tsx
FN:24,(anonymous_0)
FN:29,(anonymous_1)
FNF:2
FNH:2
FNDA:2,(anonymous_0)
FNDA:16,(anonymous_1)
DA:9,1
DA:17,1
DA:24,1
DA:25,2
DA:30,16
LF:5
LH:5
BRF:0
BRH:0
end_of_record
